<?xml version="1.0" encoding="UTF-8"?>
<testsuite xmlns:xsi="http://www.w3.org/2001/XMLSchema-instance" xsi:noNamespaceSchemaLocation="https://maven.apache.org/surefire/maven-surefire-plugin/xsd/surefire-test-report.xsd" name="com.trendyol.shoppingapp.ShoppingAppApplicationTests" time="0.156" tests="2" errors="0" skipped="0" failures="0">
  <properties>
[...]
</properties>
  <testcase name="shoppingCartandDCCTests" classname="com.trendyol.shoppingapp.ShoppingAppApplicationTests" time="0.156"/>
  <testcase name="categoryTests" classname="com.trendyol.shoppingapp.ShoppingAppApplicationTests" time="0"/>
</testsuite>